<?xml version="1.0" encoding="UTF-8"?>
<!-- Generated by org.testng.reporters.JUnitReportReporter -->
<testsuite skipped="0" hostname="BLRKEC266430L" name="com.ajio.test.LoginPageTest" tests="1" failures="0" timestamp="16 Jan 2020 10:14:14 GMT" time="104.811" errors="0">
  <testcase name="userNameTest003" time="104.811" classname="com.ajio.test.LoginPageTest"/>
</testsuite> <!-- com.ajio.test.LoginPageTest -->
