<?xml version="1.0" encoding="UTF-8"?>
<!-- Generated by org.testng.reporters.JUnitReportReporter -->
<testsuite skipped="0" hostname="BLRKEC266430L" name="com.parabank.base.BaseClass" tests="1" failures="0" timestamp="23 Dec 2019 15:05:40 GMT" time="12.343" errors="0">
  <testcase name="Intialization" time="12.343" classname="com.parabank.base.BaseClass"/>
</testsuite> <!-- com.parabank.base.BaseClass -->
