<?xml version="1.0" encoding="UTF-8"?>
<!-- Generated by org.testng.reporters.JUnitReportReporter -->
<testsuite skipped="0" hostname="BLRKEC266430L" name="com.parabank.test.LoginPageTest" tests="2" failures="0" timestamp="28 Dec 2019 11:21:15 GMT" time="27.750" errors="0">
  <testcase name="verifyTitle" time="13.671" classname="com.parabank.test.LoginPageTest"/>
  <testcase name="login" time="14.079" classname="com.parabank.test.LoginPageTest"/>
</testsuite> <!-- com.parabank.test.LoginPageTest -->
